{"/Users/riyabansal/Desktop/TwitterApp2024 8.23.06 PM/src/controllers/tweetController.js": {"path":"/Users/riyabansal/Desktop/TwitterApp2024 8.23.06 PM/src/controllers/tweetController.js","statementMap":{"0":{"start":{"line":11,"column":27},"end":{"line":22,"column":1}},"1":{"start":{"line":12,"column":4},"end":{"line":21,"column":5}},"2":{"start":{"line":13,"column":25},"end":{"line":16,"column":10}},"3":{"start":{"line":18,"column":8},"end":{"line":18,"column":97}},"4":{"start":{"line":20,"column":8},"end":{"line":20,"column":41}},"5":{"start":{"line":24,"column":25},"end":{"line":33,"column":1}},"6":{"start":{"line":25,"column":4},"end":{"line":32,"column":5}},"7":{"start":{"line":26,"column":25},"end":{"line":26,"column":49}},"8":{"start":{"line":27,"column":8},"end":{"line":27,"column":30}},"9":{"start":{"line":28,"column":8},"end":{"line":28,"column":93}},"10":{"start":{"line":30,"column":8},"end":{"line":30,"column":27}},"11":{"start":{"line":31,"column":8},"end":{"line":31,"column":41}},"12":{"start":{"line":35,"column":28},"end":{"line":43,"column":1}},"13":{"start":{"line":36,"column":4},"end":{"line":42,"column":5}},"14":{"start":{"line":37,"column":25},"end":{"line":37,"column":70}},"15":{"start":{"line":39,"column":8},"end":{"line":39,"column":92}},"16":{"start":{"line":41,"column":8},"end":{"line":41,"column":36}},"17":{"start":{"line":45,"column":27},"end":{"line":52,"column":1}},"18":{"start":{"line":46,"column":4},"end":{"line":51,"column":5}},"19":{"start":{"line":47,"column":25},"end":{"line":47,"column":64}},"20":{"start":{"line":48,"column":8},"end":{"line":48,"column":92}},"21":{"start":{"line":50,"column":8},"end":{"line":50,"column":41}},"22":{"start":{"line":54,"column":27},"end":{"line":61,"column":1}},"23":{"start":{"line":55,"column":4},"end":{"line":60,"column":5}},"24":{"start":{"line":56,"column":25},"end":{"line":56,"column":79}},"25":{"start":{"line":57,"column":8},"end":{"line":57,"column":92}},"26":{"start":{"line":59,"column":8},"end":{"line":59,"column":41}}},"fnMap":{"0":{"name":"(anonymous_0)","decl":{"start":{"line":11,"column":27},"end":{"line":11,"column":28}},"loc":{"start":{"line":11,"column":47},"end":{"line":22,"column":1}},"line":11},"1":{"name":"(anonymous_1)","decl":{"start":{"line":24,"column":25},"end":{"line":24,"column":26}},"loc":{"start":{"line":24,"column":45},"end":{"line":33,"column":1}},"line":24},"2":{"name":"(anonymous_2)","decl":{"start":{"line":35,"column":28},"end":{"line":35,"column":29}},"loc":{"start":{"line":35,"column":48},"end":{"line":43,"column":1}},"line":35},"3":{"name":"(anonymous_3)","decl":{"start":{"line":45,"column":27},"end":{"line":45,"column":28}},"loc":{"start":{"line":45,"column":47},"end":{"line":52,"column":1}},"line":45},"4":{"name":"(anonymous_4)","decl":{"start":{"line":54,"column":27},"end":{"line":54,"column":28}},"loc":{"start":{"line":54,"column":47},"end":{"line":61,"column":1}},"line":54}},"branchMap":{},"s":{"0":1,"1":0,"2":0,"3":0,"4":0,"5":1,"6":2,"7":2,"8":1,"9":1,"10":1,"11":1,"12":1,"13":0,"14":0,"15":0,"16":0,"17":1,"18":0,"19":0,"20":0,"21":0,"22":1,"23":0,"24":0,"25":0,"26":0},"f":{"0":0,"1":2,"2":0,"3":0,"4":0},"b":{},"_coverageSchema":"1a1c01bbd47fc00a2c39e90264f33305004495a9","hash":"f6c40298f02edc9052a3cd6d3d8a3f60601a0a0d"}
,"/Users/riyabansal/Desktop/TwitterApp2024 8.23.06 PM/src/utils/responses.js": {"path":"/Users/riyabansal/Desktop/TwitterApp2024 8.23.06 PM/src/utils/responses.js","statementMap":{"0":{"start":{"line":3,"column":29},"end":{"line":15,"column":1}},"1":{"start":{"line":4,"column":4},"end":{"line":4,"column":23}},"2":{"start":{"line":5,"column":4},"end":{"line":10,"column":5}},"3":{"start":{"line":6,"column":8},"end":{"line":9,"column":11}},"4":{"start":{"line":11,"column":4},"end":{"line":14,"column":7}},"5":{"start":{"line":17,"column":31},"end":{"line":23,"column":1}},"6":{"start":{"line":18,"column":4},"end":{"line":22,"column":7}}},"fnMap":{"0":{"name":"(anonymous_0)","decl":{"start":{"line":3,"column":29},"end":{"line":3,"column":30}},"loc":{"start":{"line":3,"column":45},"end":{"line":15,"column":1}},"line":3},"1":{"name":"(anonymous_1)","decl":{"start":{"line":17,"column":31},"end":{"line":17,"column":32}},"loc":{"start":{"line":17,"column":67},"end":{"line":23,"column":1}},"line":17}},"branchMap":{"0":{"loc":{"start":{"line":5,"column":4},"end":{"line":10,"column":5}},"type":"if","locations":[{"start":{"line":5,"column":4},"end":{"line":10,"column":5}},{"start":{},"end":{}}],"line":5}},"s":{"0":1,"1":1,"2":1,"3":0,"4":1,"5":1,"6":1},"f":{"0":1,"1":1},"b":{"0":[0,1]},"_coverageSchema":"1a1c01bbd47fc00a2c39e90264f33305004495a9","hash":"1d5f70fb64bde640dfd671106561f4cbc5b4da90"}
,"/Users/riyabansal/Desktop/TwitterApp2024 8.23.06 PM/tests/mocker.js": {"path":"/Users/riyabansal/Desktop/TwitterApp2024 8.23.06 PM/tests/mocker.js","statementMap":{"0":{"start":{"line":2,"column":28},"end":{"line":10,"column":1}},"1":{"start":{"line":3,"column":16},"end":{"line":3,"column":18}},"2":{"start":{"line":4,"column":4},"end":{"line":4,"column":46}},"3":{"start":{"line":5,"column":4},"end":{"line":5,"column":48}},"4":{"start":{"line":6,"column":4},"end":{"line":6,"column":46}},"5":{"start":{"line":7,"column":4},"end":{"line":7,"column":15}},"6":{"start":{"line":12,"column":27},"end":{"line":18,"column":1}},"7":{"start":{"line":13,"column":16},"end":{"line":13,"column":18}},"8":{"start":{"line":14,"column":4},"end":{"line":14,"column":46}},"9":{"start":{"line":15,"column":4},"end":{"line":15,"column":48}},"10":{"start":{"line":16,"column":4},"end":{"line":16,"column":47}},"11":{"start":{"line":17,"column":4},"end":{"line":17,"column":15}}},"fnMap":{"0":{"name":"(anonymous_0)","decl":{"start":{"line":2,"column":28},"end":{"line":2,"column":29}},"loc":{"start":{"line":2,"column":34},"end":{"line":10,"column":1}},"line":2},"1":{"name":"(anonymous_1)","decl":{"start":{"line":12,"column":27},"end":{"line":12,"column":28}},"loc":{"start":{"line":12,"column":33},"end":{"line":18,"column":1}},"line":12}},"branchMap":{},"s":{"0":1,"1":2,"2":2,"3":2,"4":2,"5":2,"6":1,"7":2,"8":2,"9":2,"10":2,"11":2},"f":{"0":2,"1":2},"b":{},"_coverageSchema":"1a1c01bbd47fc00a2c39e90264f33305004495a9","hash":"115115219347d9b9f5f03d6e3356672dc768013c"}
}
